<?xml version="1.0" encoding="UTF-8"?>
<!-- Generated by org.testng.reporters.JUnitReportReporter -->
<testsuite skipped="0" hostname="varshataru" name="TestCases.SignUp" tests="1" failures="0" timestamp="21 Feb 2019 06:58:10 GMT" time="14.026" errors="0">
  <testcase name="logIn" time="14.026" classname="TestCases.SignUp"/>
</testsuite> <!-- TestCases.SignUp -->
